Connecting to database specified by database.yml
Connecting to database specified by database.yml


Started GET "/assets/rails.png" for 127.0.0.1 at 2013-07-01 12:47:52 -0700
Served asset /rails.png - 200 OK (16ms)


Started GET "/rails/info/properties" for 127.0.0.1 at 2013-07-01 14:42:14 -0700
Processing by Rails::InfoController#properties as */*
  Rendered inline template (1.9ms)
Completed 200 OK in 37ms (Views: 36.4ms | ActiveRecord: 0.0ms)


Started GET "/assets/rails.png" for 127.0.0.1 at 2013-07-01 22:19:43 -0700
Served asset /rails.png - 304 Not Modified (0ms)
Connecting to database specified by database.yml
Connecting to database specified by database.yml


Started GET "/assets/rails.png" for 127.0.0.1 at 2013-07-04 10:13:15 -0700
Served asset /rails.png - 304 Not Modified (3ms)
Connecting to database specified by database.yml
Connecting to database specified by database.yml
Connecting to database specified by database.yml
Connecting to database specified by database.yml
Connecting to database specified by database.yml
Connecting to database specified by database.yml


Started GET "/assets/rails.png" for 127.0.0.1 at 2013-07-04 11:43:18 -0700
Served asset /rails.png - 304 Not Modified (0ms)


Started GET "/static_pages/" for 127.0.0.1 at 2013-07-04 11:43:26 -0700

ActionController::RoutingError (No route matches [GET] "/static_pages"):
  actionpack (3.2.13) lib/action_dispatch/middleware/debug_exceptions.rb:21:in `call'
  actionpack (3.2.13) lib/action_dispatch/middleware/show_exceptions.rb:56:in `call'
  railties (3.2.13) lib/rails/rack/logger.rb:32:in `call_app'
  railties (3.2.13) lib/rails/rack/logger.rb:16:in `block in call'
  activesupport (3.2.13) lib/active_support/tagged_logging.rb:22:in `tagged'
  railties (3.2.13) lib/rails/rack/logger.rb:16:in `call'
  actionpack (3.2.13) lib/action_dispatch/middleware/request_id.rb:22:in `call'
  rack (1.4.5) lib/rack/methodoverride.rb:21:in `call'
  rack (1.4.5) lib/rack/runtime.rb:17:in `call'
  activesupport (3.2.13) lib/active_support/cache/strategy/local_cache.rb:72:in `call'
  rack (1.4.5) lib/rack/lock.rb:15:in `call'
  actionpack (3.2.13) lib/action_dispatch/middleware/static.rb:63:in `call'
  railties (3.2.13) lib/rails/engine.rb:479:in `call'
  railties (3.2.13) lib/rails/application.rb:223:in `call'
  rack (1.4.5) lib/rack/content_length.rb:14:in `call'
  railties (3.2.13) lib/rails/rack/log_tailer.rb:17:in `call'
  rack (1.4.5) lib/rack/handler/webrick.rb:59:in `service'
  /Users/brainz/dev/csbox/osx-x86_64-10.8/ruby/lib/ruby/1.9.1/webrick/httpserver.rb:138:in `service'
  /Users/brainz/dev/csbox/osx-x86_64-10.8/ruby/lib/ruby/1.9.1/webrick/httpserver.rb:94:in `run'
  /Users/brainz/dev/csbox/osx-x86_64-10.8/ruby/lib/ruby/1.9.1/webrick/server.rb:191:in `block in start_thread'


  Rendered /Users/brainz/dev/csbox/local/gems/gems/actionpack-3.2.13/lib/action_dispatch/middleware/templates/rescues/routing_error.erb within rescues/layout (33.3ms)


Started GET "/static_pages/home" for 127.0.0.1 at 2013-07-04 11:43:43 -0700
Processing by StaticPagesController#home as HTML
  Rendered static_pages/home.html.erb within layouts/application (0.3ms)
Compiled static_pages.css  (42ms)  (pid 37159)
Compiled application.css  (49ms)  (pid 37159)
Compiled jquery.js  (2ms)  (pid 37159)
Compiled jquery_ujs.js  (0ms)  (pid 37159)
Compiled static_pages.js  (174ms)  (pid 37159)
Compiled application.js  (252ms)  (pid 37159)
Completed 200 OK in 390ms (Views: 388.9ms | ActiveRecord: 0.0ms)


Started GET "/assets/static_pages.css?body=1" for 127.0.0.1 at 2013-07-04 11:43:43 -0700
Served asset /static_pages.css - 200 OK (6ms)


Started GET "/assets/application.css?body=1" for 127.0.0.1 at 2013-07-04 11:43:43 -0700
Served asset /application.css - 200 OK (2ms)


Started GET "/assets/static_pages.js?body=1" for 127.0.0.1 at 2013-07-04 11:43:43 -0700
Served asset /static_pages.js - 200 OK (1ms)


Started GET "/assets/jquery.js?body=1" for 127.0.0.1 at 2013-07-04 11:43:43 -0700
Served asset /jquery.js - 200 OK (2ms)


Started GET "/assets/application.js?body=1" for 127.0.0.1 at 2013-07-04 11:43:43 -0700
Served asset /application.js - 200 OK (6ms)


Started GET "/assets/jquery_ujs.js?body=1" for 127.0.0.1 at 2013-07-04 11:43:43 -0700
Served asset /jquery_ujs.js - 200 OK (3ms)
